[0m13:27:06.255693 [debug] [MainThread]: Sending event: {'category': 'dbt', 'action': 'invocation', 'label': 'start', 'context': [<snowplow_tracker.self_describing_json.SelfDescribingJson object at 0x10fcd1030>, <snowplow_tracker.self_describing_json.SelfDescribingJson object at 0x110c24550>, <snowplow_tracker.self_describing_json.SelfDescribingJson object at 0x110c249a0>]}


============================== 13:27:06.261403 | 4d5db203-dfc3-4f7a-b944-4c8e1ce58d7a ==============================
[0m13:27:06.261403 [info ] [MainThread]: Running with dbt=1.11.6
[0m13:27:06.261882 [debug] [MainThread]: running dbt with arguments {'printer_width': '80', 'debug': 'False', 'log_path': 'logs', 'use_colors': 'True', 'partial_parse': 'True', 'warn_error': 'None', 'indirect_selection': 'eager', 'static_parser': 'True', 'target_path': 'None', 'write_json': 'True', 'no_print': 'None', 'use_experimental_parser': 'False', 'quiet': 'False', 'send_anonymous_usage_stats': 'True', 'empty': 'None', 'warn_error_options': 'WarnErrorOptionsV2(error=[], warn=[], silence=[])', 'log_cache_events': 'False', 'version_check': 'True', 'cache_selected_only': 'False', 'profiles_dir': '/Users/audreyvasconcelos/.dbt', 'invocation_command': 'dbt init enem_analytics', 'log_format': 'default', 'fail_fast': 'False', 'introspect': 'True'}
[0m13:27:06.272328 [info ] [MainThread]: Creating dbt configuration folder at /Users/audreyvasconcelos/.dbt
[0m13:27:06.273547 [debug] [MainThread]: Starter project path: /Users/audreyvasconcelos/anaconda3/envs/projetos-eng/lib/python3.10/site-packages/dbt/include/starter_project
[0m13:27:06.280057 [info ] [MainThread]: 
Your new dbt project "enem_analytics" was created!

For more information on how to configure the profiles.yml file,
please consult the dbt documentation here:

  https://docs.getdbt.com/docs/configure-your-profile

One more thing:

Need help? Don't hesitate to reach out to us via GitHub issues or on Slack:

  https://community.getdbt.com/

Happy modeling!

[0m13:27:06.280370 [info ] [MainThread]: Setting up your profile.
[0m13:30:25.575945 [info ] [MainThread]: Profile enem_analytics written to /Users/audreyvasconcelos/.dbt/profiles.yml using target's profile_template.yml and your supplied values. Run 'dbt debug' to validate the connection.
[0m13:30:25.608816 [debug] [MainThread]: Resource report: {"command_name": "init", "command_success": true, "command_wall_clock_time": 199.66324, "process_in_blocks": "0", "process_kernel_time": 0.267003, "process_mem_max_rss": "124915712", "process_out_blocks": "0", "process_user_time": 1.12043}
[0m13:30:25.610448 [debug] [MainThread]: Command `dbt init` succeeded at 13:30:25.609855 after 199.67 seconds
[0m13:30:25.611893 [debug] [MainThread]: Sending event: {'category': 'dbt', 'action': 'invocation', 'label': 'end', 'context': [<snowplow_tracker.self_describing_json.SelfDescribingJson object at 0x10fcd1030>, <snowplow_tracker.self_describing_json.SelfDescribingJson object at 0x110bafa90>, <snowplow_tracker.self_describing_json.SelfDescribingJson object at 0x110c25cc0>]}
[0m13:30:25.613516 [debug] [MainThread]: Flushing usage events
[0m13:30:26.492521 [debug] [MainThread]: An error was encountered while trying to flush usage events
